<?xml version="1.0" encoding="UTF-8"?>
<testsuite name="TestLeapYear" tests="1" skipped="0" failures="0" errors="0" timestamp="2022-10-26T10:02:41" hostname="Olivers-MacBook-Air.local" time="0.009">
  <properties/>
  <testcase name="Years_Divisible_By_400_Are_Leap_Years()" classname="TestLeapYear" time="0.009"/>
  <system-out><![CDATA[]]></system-out>
  <system-err><![CDATA[]]></system-err>
</testsuite>
